Determining if the pthread_create exist failed with the following output:
Change Dir: /root/Workspace/Clion/leetcode/cmake-build-debug/CMakeFiles/CMakeTmp

Run Build Command:"/usr/local/bin/make" "cmTC_c595e/fast"
/usr/local/bin/make -f CMakeFiles/cmTC_c595e.dir/build.make CMakeFiles/cmTC_c595e.dir/build
make[1]: Entering directory `/root/Workspace/Clion/leetcode/cmake-build-debug/CMakeFiles/CMakeTmp'
Building C object CMakeFiles/cmTC_c595e.dir/CheckSymbolExists.c.o
/usr/bin/cc     -o CMakeFiles/cmTC_c595e.dir/CheckSymbolExists.c.o   -c /root/Workspace/Clion/leetcode/cmake-build-debug/CMakeFiles/CMakeTmp/CheckSymbolExists.c
Linking C executable cmTC_c595e
/root/Software/clion-2016.3.3/bin/cmake/bin/cmake -E cmake_link_script CMakeFiles/cmTC_c595e.dir/link.txt --verbose=1
/usr/bin/cc       CMakeFiles/cmTC_c595e.dir/CheckSymbolExists.c.o  -o cmTC_c595e -rdynamic 
CMakeFiles/cmTC_c595e.dir/CheckSymbolExists.c.o: In function `main':
CheckSymbolExists.c:(.text+0x1b): undefined reference to `pthread_create'
collect2: error: ld returned 1 exit status
make[1]: *** [cmTC_c595e] Error 1
make[1]: Leaving directory `/root/Workspace/Clion/leetcode/cmake-build-debug/CMakeFiles/CMakeTmp'
make: *** [cmTC_c595e/fast] Error 2

File /root/Workspace/Clion/leetcode/cmake-build-debug/CMakeFiles/CMakeTmp/CheckSymbolExists.c:
/* */
#include <pthread.h>

int main(int argc, char** argv)
{
  (void)argv;
#ifndef pthread_create
  return ((int*)(&pthread_create))[argc];
#else
  (void)argc;
  return 0;
#endif
}

Determining if the function pthread_create exists in the pthreads failed with the following output:
Change Dir: /root/Workspace/Clion/leetcode/cmake-build-debug/CMakeFiles/CMakeTmp

Run Build Command:"/usr/local/bin/make" "cmTC_85232/fast"
/usr/local/bin/make -f CMakeFiles/cmTC_85232.dir/build.make CMakeFiles/cmTC_85232.dir/build
make[1]: Entering directory `/root/Workspace/Clion/leetcode/cmake-build-debug/CMakeFiles/CMakeTmp'
Building C object CMakeFiles/cmTC_85232.dir/CheckFunctionExists.c.o
/usr/bin/cc    -DCHECK_FUNCTION_EXISTS=pthread_create   -o CMakeFiles/cmTC_85232.dir/CheckFunctionExists.c.o   -c /root/Software/clion-2016.3.3/bin/cmake/share/cmake-3.6/Modules/CheckFunctionExists.c
Linking C executable cmTC_85232
/root/Software/clion-2016.3.3/bin/cmake/bin/cmake -E cmake_link_script CMakeFiles/cmTC_85232.dir/link.txt --verbose=1
/usr/bin/cc   -DCHECK_FUNCTION_EXISTS=pthread_create    CMakeFiles/cmTC_85232.dir/CheckFunctionExists.c.o  -o cmTC_85232 -rdynamic -lpthreads 
/usr/bin/ld: cannot find -lpthreads
collect2: error: ld returned 1 exit status
make[1]: *** [cmTC_85232] Error 1
make[1]: Leaving directory `/root/Workspace/Clion/leetcode/cmake-build-debug/CMakeFiles/CMakeTmp'
make: *** [cmTC_85232/fast] Error 2


